<?xml version="1.0" encoding="UTF-8"?>
<Site BuildName="Linux-g++"
	BuildStamp="20220929-1117-Experimental"
	Name="HP-Laptop"
	Generator="ctest-3.16.3"
	CompilerName="/usr/bin/g++"
	CompilerVersion="9.4.0"
	OSName="Linux"
	Hostname="HP-Laptop"
	OSRelease="5.15.0-48-generic"
	OSVersion="#54~20.04.1-Ubuntu SMP Thu Sep 1 16:17:26 UTC 2022"
	OSPlatform="x86_64"
	Is64Bits="1"
	VendorString="GenuineIntel"
	VendorID="Intel Corporation"
	FamilyID="6"
	ModelID="140"
	ProcessorCacheSize="8192"
	NumberOfLogicalCPU="8"
	NumberOfPhysicalCPU="4"
	TotalVirtualMemory="2047"
	TotalPhysicalMemory="15741"
	LogicalProcessorsPerPhysical="2"
	ProcessorClockFrequency="3022.34"
	>
	<Testing>
		<StartDateTime>Sep 29 07:17 EDT</StartDateTime>
		<StartTestTime>1664450259</StartTestTime>
		<TestList/>
		<EndDateTime>Sep 29 07:17 EDT</EndDateTime>
		<EndTestTime>1664450259</EndTestTime>
		<ElapsedMinutes>0</ElapsedMinutes>
	</Testing>
</Site>
